<?xml version="1.0" encoding="UTF-8"?>
<!-- Generated by org.testng.reporters.JUnitReportReporter -->
<testsuite hostname="Revotron" failures="0" tests="4" name="com.TestCases.IndexPageTest" time="2.677" errors="0" timestamp="2024-12-23T15:06:31 IST" skipped="0">
  <testcase classname="com.TestCases.IndexPageTest" name="validateCategories" time="0.095"/>
  <system-out/>
  <testcase classname="com.TestCases.IndexPageTest" name="validateAllProducts" time="0.510"/>
  <system-out/>
  <testcase classname="com.TestCases.IndexPageTest" name="addProductToCart" time="0.777"/>
  <system-out/>
  <testcase classname="com.TestCases.IndexPageTest" name="validateLaunchOfCartPage" time="1.295"/>
  <system-out/>
</testsuite> <!-- com.TestCases.IndexPageTest -->
